<?xml version="1.0" encoding="UTF-8"?>
<!-- Generated by org.testng.reporters.JUnitXMLReporter -->
<testsuite ignored="0" hostname="LAPTOP-PON6RPV8" failures="0" tests="3" name="Test" time="61.652" errors="0" timestamp="2023-02-01T22:28:09 IST">
  <testcase classname="testPackage.ActiTimeTestInvalidLogin" name="actiTimeInvalidLogin" time="45.373"/>
  <testcase classname="testPackage.ActiTimeTestValidLogin" name="validTest" time="4.948"/>
  <testcase classname="testPackage.ActiTimeTestLogOut" name="logout" time="5.024"/>
</testsuite> <!-- Test -->
