<?xml version="1.0" encoding="UTF-8"?>
<testng-results ignored="0" total="3" passed="3" failed="0" skipped="0">
  <reporter-output>
  </reporter-output>
  <suite started-at="2023-02-01T22:27:07 IST" name="Suite" finished-at="2023-02-01T22:28:09 IST" duration-ms="61652">
    <groups>
    </groups>
    <test started-at="2023-02-01T22:27:07 IST" name="Test" finished-at="2023-02-01T22:28:09 IST" duration-ms="61652">
      <class name="testPackage.ActiTimeTestValidLogin">
        <test-method is-config="true" signature="setUp()[pri:0, instance:testPackage.ActiTimeTestValidLogin@3d5c822d]" started-at="2023-02-01T22:27:55 IST" name="setUp" finished-at="2023-02-01T22:27:57 IST" duration-ms="1455" status="PASS">
          <reporter-output>
          </reporter-output>
        </test-method> <!-- setUp -->
        <test-method signature="validTest()[pri:0, instance:testPackage.ActiTimeTestValidLogin@3d5c822d]" started-at="2023-02-01T22:27:57 IST" name="validTest" finished-at="2023-02-01T22:28:02 IST" duration-ms="4948" status="PASS">
          <reporter-output>
          </reporter-output>
        </test-method> <!-- validTest -->
        <test-method is-config="true" signature="tearDown()[pri:0, instance:testPackage.ActiTimeTestValidLogin@3d5c822d]" started-at="2023-02-01T22:28:02 IST" name="tearDown" finished-at="2023-02-01T22:28:02 IST" duration-ms="252" status="PASS">
          <reporter-output>
          </reporter-output>
        </test-method> <!-- tearDown -->
      </class> <!-- testPackage.ActiTimeTestValidLogin -->
      <class name="testPackage.ActiTimeTestLogOut">
        <test-method is-config="true" signature="setUp()[pri:0, instance:testPackage.ActiTimeTestLogOut@6f46426d]" started-at="2023-02-01T22:28:02 IST" name="setUp" finished-at="2023-02-01T22:28:03 IST" duration-ms="1197" status="PASS">
          <reporter-output>
          </reporter-output>
        </test-method> <!-- setUp -->
        <test-method signature="logout()[pri:0, instance:testPackage.ActiTimeTestLogOut@6f46426d]" started-at="2023-02-01T22:28:03 IST" name="logout" finished-at="2023-02-01T22:28:08 IST" duration-ms="5024" status="PASS">
          <reporter-output>
          </reporter-output>
        </test-method> <!-- logout -->
        <test-method is-config="true" signature="tearDown()[pri:0, instance:testPackage.ActiTimeTestLogOut@6f46426d]" started-at="2023-02-01T22:28:08 IST" name="tearDown" finished-at="2023-02-01T22:28:09 IST" duration-ms="253" status="PASS">
          <reporter-output>
          </reporter-output>
        </test-method> <!-- tearDown -->
      </class> <!-- testPackage.ActiTimeTestLogOut -->
      <class name="testPackage.ActiTimeTestInvalidLogin">
        <test-method is-config="true" signature="setUp()[pri:0, instance:testPackage.ActiTimeTestInvalidLogin@be35cd9]" started-at="2023-02-01T22:27:07 IST" name="setUp" finished-at="2023-02-01T22:27:10 IST" duration-ms="2696" status="PASS">
          <reporter-output>
          </reporter-output>
        </test-method> <!-- setUp -->
        <test-method signature="actiTimeInvalidLogin()[pri:0, instance:testPackage.ActiTimeTestInvalidLogin@be35cd9]" started-at="2023-02-01T22:27:10 IST" name="actiTimeInvalidLogin" finished-at="2023-02-01T22:27:55 IST" duration-ms="45373" status="PASS">
          <reporter-output>
          </reporter-output>
        </test-method> <!-- actiTimeInvalidLogin -->
        <test-method is-config="true" signature="tearDown()[pri:0, instance:testPackage.ActiTimeTestInvalidLogin@be35cd9]" started-at="2023-02-01T22:27:55 IST" name="tearDown" finished-at="2023-02-01T22:27:55 IST" duration-ms="383" status="PASS">
          <reporter-output>
          </reporter-output>
        </test-method> <!-- tearDown -->
      </class> <!-- testPackage.ActiTimeTestInvalidLogin -->
    </test> <!-- Test -->
  </suite> <!-- Suite -->
</testng-results>
